<?xml version="1.0" encoding="UTF-8"?>
<testsuite xmlns:xsi="http://www.w3.org/2001/XMLSchema-instance" xsi:noNamespaceSchemaLocation="https://maven.apache.org/surefire/maven-surefire-plugin/xsd/surefire-test-report.xsd" name="MyTest" time="0.375" tests="3" errors="3" skipped="0" failures="0">
  <properties>
[...]
</properties>
  <testcase name="testSetClicked" classname="MyTest" time="0.366">
    <error type="java.lang.ExceptionInInitializerError">java.lang.ExceptionInInitializerError
	at MyTest.testSetClicked(MyTest.java:22)
Caused by: java.lang.IllegalStateException: Toolkit not initialized
	at MyTest.testSetClicked(MyTest.java:22)
</error>
  </testcase>
  <testcase name="testValidMove" classname="MyTest" time="0">
    <error message="Could not initialize class GameButton" type="java.lang.NoClassDefFoundError">java.lang.NoClassDefFoundError: Could not initialize class GameButton
	at MyTest.testValidMove(MyTest.java:15)
</error>
  </testcase>
  <testcase name="testConstructor" classname="MyTest" time="0.001">
    <error message="Could not initialize class GameButton" type="java.lang.NoClassDefFoundError">java.lang.NoClassDefFoundError: Could not initialize class GameButton
	at MyTest.testConstructor(MyTest.java:8)
</error>
  </testcase>
</testsuite>